<?xml version="1.0" encoding="UTF-8"?>
<!-- Generated by org.testng.reporters.JUnitReportReporter -->
<testsuite hostname="Pravin-DESKTOP" failures="0" tests="1" name="com.makemyTrip.Script.TestScript02" time="55.137" errors="0" timestamp="06 Oct 2022 03:20:11 GMT" skipped="0">
  <testcase classname="com.makemyTrip.Script.TestScript02" name="searchForTrains" time="55.137"/>
</testsuite> <!-- com.makemyTrip.Script.TestScript02 -->
