<?xml version="1.0" encoding="UTF-8"?>
<!-- Generated by org.testng.reporters.JUnitReportReporter -->
<testsuite hostname="Pravin-DESKTOP" failures="0" tests="1" name="com.makemyTrip.Script.TestScript01" time="73.735" errors="0" timestamp="17 Sep 2022 08:46:35 GMT" skipped="0">
  <testcase classname="com.makemyTrip.Script.TestScript01" name="searchflight" time="73.735"/>
</testsuite> <!-- com.makemyTrip.Script.TestScript01 -->
